<?xml version="1.0" encoding="UTF-8"?>
<testsuite name="com.ll.level2.p72412.SolutionTest" tests="1" skipped="0" failures="0" errors="0" timestamp="2023-05-10T07:39:30" hostname="DESKTOP-272TI8S" time="0.06">
  <properties/>
  <testcase name="t001()" classname="com.ll.level2.p72412.SolutionTest" time="0.06"/>
  <system-out><![CDATA[]]></system-out>
  <system-err><![CDATA[]]></system-err>
</testsuite>
