<?xml version="1.0" encoding="UTF-8"?>
<testsuite name="com.ll.level2.p42860.SolutionTest" tests="13" skipped="0" failures="0" errors="0" timestamp="2023-04-25T09:07:43" hostname="DESKTOP-272TI8S" time="0.056">
  <properties/>
  <testcase name="t001()" classname="com.ll.level2.p42860.SolutionTest" time="0.044"/>
  <testcase name="t002()" classname="com.ll.level2.p42860.SolutionTest" time="0.001"/>
  <testcase name="t003()" classname="com.ll.level2.p42860.SolutionTest" time="0.004"/>
  <testcase name="t004()" classname="com.ll.level2.p42860.SolutionTest" time="0.001"/>
  <testcase name="t005()" classname="com.ll.level2.p42860.SolutionTest" time="0.0"/>
  <testcase name="t006()" classname="com.ll.level2.p42860.SolutionTest" time="0.0"/>
  <testcase name="t007()" classname="com.ll.level2.p42860.SolutionTest" time="0.001"/>
  <testcase name="t008()" classname="com.ll.level2.p42860.SolutionTest" time="0.0"/>
  <testcase name="t009()" classname="com.ll.level2.p42860.SolutionTest" time="0.0"/>
  <testcase name="t010()" classname="com.ll.level2.p42860.SolutionTest" time="0.001"/>
  <testcase name="t011()" classname="com.ll.level2.p42860.SolutionTest" time="0.0"/>
  <testcase name="t012()" classname="com.ll.level2.p42860.SolutionTest" time="0.0"/>
  <testcase name="t013()" classname="com.ll.level2.p42860.SolutionTest" time="0.001"/>
  <system-out><![CDATA[]]></system-out>
  <system-err><![CDATA[]]></system-err>
</testsuite>
