<?xml version="1.0" encoding="UTF-8"?>
<testsuite name="com.ll.level2.p87377.MainTest" tests="1" skipped="0" failures="0" errors="0" timestamp="2023-04-18T01:29:19" hostname="DESKTOP-272TI8S" time="0.052">
  <properties/>
  <testcase name="t1()" classname="com.ll.level2.p87377.MainTest" time="0.052"/>
  <system-out><![CDATA[]]></system-out>
  <system-err><![CDATA[]]></system-err>
</testsuite>
