<?xml version="1.0" encoding="UTF-8"?>
<testsuite name="com.ll.level0.p120805.MainTest" tests="2" skipped="0" failures="0" errors="0" timestamp="2023-02-23T04:09:08" hostname="DESKTOP-272TI8S" time="0.045">
  <properties/>
  <testcase name="10, 5 =&gt; 2" classname="com.ll.level0.p120805.MainTest" time="0.044"/>
  <testcase name="7, 2=&gt; 3" classname="com.ll.level0.p120805.MainTest" time="0.001"/>
  <system-out><![CDATA[]]></system-out>
  <system-err><![CDATA[]]></system-err>
</testsuite>
