<?xml version="1.0" encoding="UTF-8"?>
<testsuite name="com.ll.p120829.MainTest" tests="5" skipped="0" failures="0" errors="0" timestamp="2023-02-23T01:33:15" hostname="DESKTOP-272TI8S" time="0.049">
  <properties/>
  <testcase name="70 =&gt; 1" classname="com.ll.p120829.MainTest" time="0.045"/>
  <testcase name="91 =&gt; 3" classname="com.ll.p120829.MainTest" time="0.001"/>
  <testcase name="180 =&gt; 4" classname="com.ll.p120829.MainTest" time="0.001"/>
  <testcase name="90 =&gt; 2" classname="com.ll.p120829.MainTest" time="0.001"/>
  <testcase name="50 =&gt; 1" classname="com.ll.p120829.MainTest" time="0.001"/>
  <system-out><![CDATA[]]></system-out>
  <system-err><![CDATA[]]></system-err>
</testsuite>
