<?xml version="1.0" encoding="UTF-8"?>
<testsuite name="com.ll.level0.p120836.SolutionTest" tests="2" skipped="0" failures="0" errors="0" timestamp="2023-04-26T05:24:52" hostname="DESKTOP-272TI8S" time="0.053">
  <properties/>
  <testcase name="t001()" classname="com.ll.level0.p120836.SolutionTest" time="0.051"/>
  <testcase name="t002()" classname="com.ll.level0.p120836.SolutionTest" time="0.001"/>
  <system-out><![CDATA[]]></system-out>
  <system-err><![CDATA[]]></system-err>
</testsuite>
