<?xml version="1.0" encoding="UTF-8"?>
<testsuite name="com.ll.level1.p42840.SolutionTest" tests="2" skipped="0" failures="0" errors="0" timestamp="2023-04-26T01:51:30" hostname="DESKTOP-272TI8S" time="0.046">
  <properties/>
  <testcase name="t001()" classname="com.ll.level1.p42840.SolutionTest" time="0.045"/>
  <testcase name="t002()" classname="com.ll.level1.p42840.SolutionTest" time="0.0"/>
  <system-out><![CDATA[]]></system-out>
  <system-err><![CDATA[]]></system-err>
</testsuite>
