<?xml version="1.0" encoding="UTF-8"?>
<testsuite name="com.ll.level0.p120819.MainTest" tests="2" skipped="0" failures="0" errors="0" timestamp="2023-04-14T04:02:08" hostname="DESKTOP-272TI8S" time="0.064">
  <properties/>
  <testcase name="t1()" classname="com.ll.level0.p120819.MainTest" time="0.063"/>
  <testcase name="t2()" classname="com.ll.level0.p120819.MainTest" time="0.001"/>
  <system-out><![CDATA[]]></system-out>
  <system-err><![CDATA[]]></system-err>
</testsuite>
