<?xml version="1.0" encoding="UTF-8"?>
<testsuite name="com.ll.level0.p120814.MainTest" tests="3" skipped="0" failures="0" errors="0" timestamp="2023-03-29T00:28:10" hostname="DESKTOP-272TI8S" time="0.048">
  <properties/>
  <testcase name="t1()" classname="com.ll.level0.p120814.MainTest" time="0.047"/>
  <testcase name="t2()" classname="com.ll.level0.p120814.MainTest" time="0.0"/>
  <testcase name="t3()" classname="com.ll.level0.p120814.MainTest" time="0.0"/>
  <system-out><![CDATA[]]></system-out>
  <system-err><![CDATA[]]></system-err>
</testsuite>
