<?xml version="1.0" encoding="UTF-8"?>
<testsuite name="com.ll.level2.p42860.SolutionTest" tests="4" skipped="0" failures="0" errors="0" timestamp="2023-04-24T01:50:22" hostname="DESKTOP-272TI8S" time="0.05">
  <properties/>
  <testcase name="t001()" classname="com.ll.level2.p42860.SolutionTest" time="0.047"/>
  <testcase name="t002()" classname="com.ll.level2.p42860.SolutionTest" time="0.001"/>
  <testcase name="t003()" classname="com.ll.level2.p42860.SolutionTest" time="0.001"/>
  <testcase name="t004()" classname="com.ll.level2.p42860.SolutionTest" time="0.001"/>
  <system-out><![CDATA[]]></system-out>
  <system-err><![CDATA[]]></system-err>
</testsuite>
