<?xml version="1.0" encoding="UTF-8"?>
<testsuite name="com.ll.level0.p120862.SolutionTest" tests="3" skipped="0" failures="0" errors="0" timestamp="2023-05-09T01:30:52" hostname="DESKTOP-272TI8S" time="0.067">
  <properties/>
  <testcase name="t001()" classname="com.ll.level0.p120862.SolutionTest" time="0.065"/>
  <testcase name="t002()" classname="com.ll.level0.p120862.SolutionTest" time="0.0"/>
  <testcase name="t003()" classname="com.ll.level0.p120862.SolutionTest" time="0.0"/>
  <system-out><![CDATA[]]></system-out>
  <system-err><![CDATA[]]></system-err>
</testsuite>
