<?xml version="1.0" encoding="UTF-8"?>
<testsuite name="com.ll.level2.p42586.SolutionTest" tests="2" skipped="0" failures="0" errors="0" timestamp="2023-04-27T01:29:39" hostname="DESKTOP-272TI8S" time="0.045">
  <properties/>
  <testcase name="t001()" classname="com.ll.level2.p42586.SolutionTest" time="0.044"/>
  <testcase name="t002()" classname="com.ll.level2.p42586.SolutionTest" time="0.0"/>
  <system-out><![CDATA[]]></system-out>
  <system-err><![CDATA[]]></system-err>
</testsuite>
