<?xml version="1.0" encoding="UTF-8"?>
<testsuite name="com.ll.level0.p181935.SolutionTest" tests="2" skipped="0" failures="0" errors="0" timestamp="2023-05-02T01:37:36" hostname="DESKTOP-272TI8S" time="0.055">
  <properties/>
  <testcase name="t02()" classname="com.ll.level0.p181935.SolutionTest" time="0.054"/>
  <testcase name="t001()" classname="com.ll.level0.p181935.SolutionTest" time="0.001"/>
  <system-out><![CDATA[]]></system-out>
  <system-err><![CDATA[]]></system-err>
</testsuite>
