<?xml version="1.0" encoding="UTF-8"?>
<testsuite name="com.ll.level0.p120839.SolutionTest" tests="1" skipped="0" failures="0" errors="0" timestamp="2023-05-04T01:26:03" hostname="DESKTOP-272TI8S" time="0.074">
  <properties/>
  <testcase name="t001()" classname="com.ll.level0.p120839.SolutionTest" time="0.074"/>
  <system-out><![CDATA[]]></system-out>
  <system-err><![CDATA[]]></system-err>
</testsuite>
