<?xml version="1.0" encoding="UTF-8"?>
<testsuite name="com.ll.level0.p120854.MainTest" tests="1" skipped="0" failures="0" errors="0" timestamp="2023-03-08T05:42:03" hostname="DESKTOP-272TI8S" time="0.06">
  <properties/>
  <testcase name="t1()" classname="com.ll.level0.p120854.MainTest" time="0.06"/>
  <system-out><![CDATA[]]></system-out>
  <system-err><![CDATA[]]></system-err>
</testsuite>
