<?xml version="1.0" encoding="UTF-8"?>
<testsuite name="com.ll.level2.p64065.SolutionTest" tests="5" skipped="0" failures="0" errors="0" timestamp="2023-05-12T01:22:18" hostname="DESKTOP-272TI8S" time="0.059">
  <properties/>
  <testcase name="t001()" classname="com.ll.level2.p64065.SolutionTest" time="0.056"/>
  <testcase name="t002()" classname="com.ll.level2.p64065.SolutionTest" time="0.001"/>
  <testcase name="t003()" classname="com.ll.level2.p64065.SolutionTest" time="0.001"/>
  <testcase name="t004()" classname="com.ll.level2.p64065.SolutionTest" time="0.001"/>
  <testcase name="t005()" classname="com.ll.level2.p64065.SolutionTest" time="0.0"/>
  <system-out><![CDATA[]]></system-out>
  <system-err><![CDATA[]]></system-err>
</testsuite>
