<?xml version="1.0" encoding="UTF-8"?>
<testsuite name="com.ll.level0.p181892.SolutionTest" tests="2" skipped="0" failures="0" errors="0" timestamp="2023-05-01T12:45:47" hostname="DESKTOP-272TI8S" time="0.058">
  <properties/>
  <testcase name="t001()" classname="com.ll.level0.p181892.SolutionTest" time="0.057"/>
  <testcase name="t002()" classname="com.ll.level0.p181892.SolutionTest" time="0.0"/>
  <system-out><![CDATA[]]></system-out>
  <system-err><![CDATA[]]></system-err>
</testsuite>
