<?xml version="1.0" encoding="UTF-8"?>
<testsuite name="com.ll.level1.p42862.SolutionTest" tests="3" skipped="0" failures="0" errors="0" timestamp="2023-04-25T00:55:23" hostname="DESKTOP-272TI8S" time="0.047">
  <properties/>
  <testcase name="t001()" classname="com.ll.level1.p42862.SolutionTest" time="0.045"/>
  <testcase name="t002()" classname="com.ll.level1.p42862.SolutionTest" time="0.001"/>
  <testcase name="t003()" classname="com.ll.level1.p42862.SolutionTest" time="0.001"/>
  <system-out><![CDATA[]]></system-out>
  <system-err><![CDATA[]]></system-err>
</testsuite>
