<?xml version="1.0" encoding="UTF-8"?>
<testsuite name="com.ll.level0.p181906.SolutionTest" tests="1" skipped="0" failures="0" errors="0" timestamp="2023-05-04T01:32:41" hostname="DESKTOP-272TI8S" time="0.054">
  <properties/>
  <testcase name="t001()" classname="com.ll.level0.p181906.SolutionTest" time="0.054"/>
  <system-out><![CDATA[]]></system-out>
  <system-err><![CDATA[]]></system-err>
</testsuite>
