<?xml version="1.0" encoding="UTF-8"?>
<testsuite name="com.ll.p120804.MainTest" tests="2" skipped="0" failures="0" errors="0" timestamp="2023-02-23T00:35:40" hostname="DESKTOP-272TI8S" time="0.049">
  <properties/>
  <testcase name="3, 4 =&gt; 12" classname="com.ll.p120804.MainTest" time="0.047"/>
  <testcase name="27, 19 =&gt; 513" classname="com.ll.p120804.MainTest" time="0.001"/>
  <system-out><![CDATA[]]></system-out>
  <system-err><![CDATA[]]></system-err>
</testsuite>
