<?xml version="1.0" encoding="UTF-8"?>
<testsuite name="com.ll.level0.p120906.MainTest" tests="2" skipped="0" failures="0" errors="0" timestamp="2023-03-07T00:37:47" hostname="DESKTOP-272TI8S" time="0.053">
  <properties/>
  <testcase name="1234 =&gt; 10" classname="com.ll.level0.p120906.MainTest" time="0.052"/>
  <testcase name="930211 =&gt; 16" classname="com.ll.level0.p120906.MainTest" time="0.0"/>
  <system-out><![CDATA[]]></system-out>
  <system-err><![CDATA[]]></system-err>
</testsuite>
