<?xml version="1.0" encoding="UTF-8"?>
<testsuite name="com.ll.level0.p181868.SolutionTest" tests="2" skipped="0" failures="0" errors="0" timestamp="2023-05-12T07:59:10" hostname="DESKTOP-272TI8S" time="0.056">
  <properties/>
  <testcase name="t001()" classname="com.ll.level0.p181868.SolutionTest" time="0.055"/>
  <testcase name="t002()" classname="com.ll.level0.p181868.SolutionTest" time="0.0"/>
  <system-out><![CDATA[]]></system-out>
  <system-err><![CDATA[]]></system-err>
</testsuite>
