<?xml version="1.0" encoding="UTF-8"?>
<testsuite name="com.ll.level2.p43165.SolutionTest" tests="2" skipped="0" failures="0" errors="0" timestamp="2023-05-11T06:07:28" hostname="DESKTOP-272TI8S" time="0.076">
  <properties/>
  <testcase name="t001()" classname="com.ll.level2.p43165.SolutionTest" time="0.075"/>
  <testcase name="t002()" classname="com.ll.level2.p43165.SolutionTest" time="0.001"/>
  <system-out><![CDATA[]]></system-out>
  <system-err><![CDATA[]]></system-err>
</testsuite>
